<?xml version="1.0" encoding="UTF-8"?>
<!-- Generated by org.testng.reporters.JUnitReportReporter -->
<testsuite hostname="RUBE" failures="0" tests="1" name="testcases.TestAmazon" time="27.999" errors="0" timestamp="2019-10-05T20:34:31 EDT" skipped="0">
  <testcase classname="testcases.TestAmazon" name="SearchMusic" time="27.999"/>
</testsuite> <!-- testcases.TestAmazon -->
